上海市 上海市入库完毕!,共742条.
云南 临沧市入库完毕!,共19条.
云南 丽江市入库完毕!,共44条.
云南 保山市入库完毕!,共46条.
云南 大理市入库完毕!,共16条.
云南 安宁市入库完毕!,共39条.
云南 宜良市入库完毕!,共10条.
云南 德宏市入库完毕!,共33条.
云南 怒江市入库完毕!,共2条.
云南 文山市入库完毕!,共25条.
云南 昆明市入库完毕!,共319条.
云南 昭通市入库完毕!,共36条.
云南 普洱市入库完毕!,共58条.
云南 曲靖市入库完毕!,共223条.
云南 楚雄市入库完毕!,共16条.
云南 玉溪市入库完毕!,共97条.
云南 红河市入库完毕!,共8条.
云南 西双版纳市入库完毕!,共16条.
云南 迪庆市入库完毕!,共9条.
内蒙古 乌兰察布市入库完毕!,共74条.
内蒙古 乌海市入库完毕!,共46条.
内蒙古 兴安盟市入库完毕!,共34条.
内蒙古 包头市入库完毕!,共86条.
内蒙古 呼伦贝尔市入库完毕!,共44条.
内蒙古 呼和浩特市入库完毕!,共205条.
内蒙古 巴彦淖尔市入库完毕!,共13条.
内蒙古 海拉尔市入库完毕!,共33条.
内蒙古 赤峰市入库完毕!,共7条.
内蒙古 通辽市入库完毕!,共45条.
内蒙古 鄂尔多斯市入库完毕!,共24条.
内蒙古 锡林浩特市入库完毕!,共6条.
内蒙古 锡林郭勒盟市入库完毕!,共6条.
内蒙古 阿拉善盟市入库完毕!,共3条.
北京市 北京市入库完毕!,共679条.
吉林 公主岭市入库完毕!,共8条.
吉林 农安市入库完毕!,共21条.
吉林 吉林市入库完毕!,共72条.
吉林 四平市入库完毕!,共46条.
吉林 延边市入库完毕!,共82条.
吉林 德惠市入库完毕!,共21条.
吉林 松原市入库完毕!,共30条.
吉林 桦甸市入库完毕!,共4条.
吉林 榆树市入库完毕!,共9条.
吉林 白城市入库完毕!,共13条.
吉林 白山市入库完毕!,共27条.
吉林 辽源市入库完毕!,共4条.
吉林 通化市入库完毕!,共17条.
吉林 长春市入库完毕!,共155条.
四川 万州市入库完毕!,共47条.
四川 乐山市入库完毕!,共54条.
四川 内江市入库完毕!,共1条.
四川 凉山市入库完毕!,共23条.
四川 南充市入库完毕!,共119条.
四川 合川市入库完毕!,共13条.
四川 大邑市入库完毕!,共51条.
四川 宜宾市入库完毕!,共71条.
四川 峨眉山市入库完毕!,共31条.
四川 崇州市入库完毕!,共28条.
四川 巴中市入库完毕!,共144条.
四川 广元市入库完毕!,共14条.
四川 广安市入库完毕!,共118条.
四川 彭州市入库完毕!,共34条.
四川 德阳市入库完毕!,共151条.
四川 成都市入库完毕!,共484条.
四川 攀枝花市入库完毕!,共28条.
四川 新津市入库完毕!,共29条.
四川 泸州市入库完毕!,共60条.
四川 涪陵市入库完毕!,共29条.
四川 甘孜市入库完毕!,共14条.
四川 眉山市入库完毕!,共42条.
四川 简阳市入库完毕!,共26条.
四川 綦江市入库完毕!,共31条.
四川 绵阳市入库完毕!,共193条.
四川 自贡市入库完毕!,共23条.
四川 资阳市入库完毕!,共21条.
四川 达州市入库完毕!,共74条.
四川 遂宁市入库完毕!,共21条.
四川 邛崃市入库完毕!,共41条.
四川 都江堰市入库完毕!,共1条.
四川 金堂市入库完毕!,共49条.
四川 阿坝州市入库完毕!,共8条.
四川 雅安市入库完毕!,共37条.
四川 黔江市入库完毕!,共15条.
天津市 天津市入库完毕!,共483条.
宁夏 中卫市入库完毕!,共15条.
宁夏 吴忠市入库完毕!,共66条.
宁夏 固原市入库完毕!,共27条.
宁夏 石嘴山市入库完毕!,共7条.
宁夏 银川市入库完毕!,共86条.
安徽 五河市入库完毕!,共7条.
安徽 亳州市入库完毕!,共65条.
安徽 六安市入库完毕!,共72条.
安徽 合肥市入库完毕!,共406条.
安徽 固镇市入库完毕!,共7条.
安徽 安庆市入库完毕!,共43条.
安徽 宣城市入库完毕!,共64条.
安徽 宿州市入库完毕!,共57条.
安徽 巢湖市入库完毕!,共22条.
安徽 庐江市入库完毕!,共29条.
安徽 当涂市入库完毕!,共16条.
安徽 怀远市入库完毕!,共6条.
安徽 桐城市入库完毕!,共44条.
安徽 池州市入库完毕!,共62条.
安徽 淮北市入库完毕!,共65条.
安徽 淮南市入库完毕!,共59条.
安徽 滁州市入库完毕!,共40条.
安徽 繁昌市入库完毕!,共7条.
安徽 肥东市入库完毕!,共42条.
安徽 肥西市入库完毕!,共35条.
安徽 芜湖市入库完毕!,共82条.
安徽 蚌埠市入库完毕!,共97条.
安徽 铜陵市入库完毕!,共35条.
安徽 长丰市入库完毕!,共29条.
安徽 阜阳市入库完毕!,共90条.
安徽 霍邱市入库完毕!,共22条.
安徽 马鞍山市入库完毕!,共31条.
安徽 黄山市入库完毕!,共51条.
山东 东营市入库完毕!,共36条.
山东 临朐市入库完毕!,共29条.
山东 临沂市入库完毕!,共116条.
山东 临清市入库完毕!,共11条.
山东 即墨市入库完毕!,共65条.
山东 商河市入库完毕!,共12条.
山东 威海市入库完毕!,共174条.
山东 安丘市入库完毕!,共21条.
山东 寿光市入库完毕!,共42条.
山东 平度市入库完毕!,共41条.
山东 平阴市入库完毕!,共10条.
山东 广饶市入库完毕!,共31条.
山东 德州市入库完毕!,共51条.
山东 招远市入库完毕!,共45条.
山东 新泰市入库完毕!,共85条.
山东 日照市入库完毕!,共14条.
山东 昌乐市入库完毕!,共19条.
山东 昌邑市入库完毕!,共18条.
山东 枣庄市入库完毕!,共116条.
山东 栖霞市入库完毕!,共31条.
山东 泰安市入库完毕!,共108条.
山东 济南市入库完毕!,共252条.
山东 济宁市入库完毕!,共122条.
山东 济阳市入库完毕!,共9条.
山东 海阳市入库完毕!,共50条.
山东 淄博市入库完毕!,共157条.
山东 滕州市入库完毕!,共25条.
山东 滨州市入库完毕!,共52条.
山东 潍坊市入库完毕!,共290条.
山东 烟台市入库完毕!,共266条.
山东 章丘市入库完毕!,共39条.
山东 聊城市入库完毕!,共102条.
山东 肥城市入库完毕!,共43条.
山东 胶南市入库完毕!,共11条.
山东 胶州市入库完毕!,共72条.
山东 莱州市入库完毕!,共45条.
山东 莱芜市入库完毕!,共8条.
山东 莱西市入库完毕!,共46条.
山东 莱阳市入库完毕!,共23条.
山东 菏泽市入库完毕!,共135条.
山东 蓬莱市入库完毕!,共44条.
山东 诸城市入库完毕!,共1条.
山东 邹城市入库完毕!,共60条.
山东 邹平市入库完毕!,共14条.
山东 长岛市入库完毕!,共4条.
山东 长清市入库完毕!,共11条.
山东 青岛市入库完毕!,共502条.
山东 青州市入库完毕!,共48条.
山东 高密市入库完毕!,共53条.
山东 龙口市入库完毕!,共51条.
山西 临汾市入库完毕!,共62条.
山西 临猗市入库完毕!,共27条.
山西 吕梁市入库完毕!,共28条.
山西 大同市入库完毕!,共30条.
山西 太原市入库完毕!,共290条.
山西 忻州市入库完毕!,共12条.
山西 怀仁市入库完毕!,共6条.
山西 晋中市入库完毕!,共29条.
山西 晋城市入库完毕!,共40条.
山西 朔州市入库完毕!,共11条.
山西 清徐市入库完毕!,共10条.
山西 运城市入库完毕!,共101条.
山西 长治市入库完毕!,共34条.
山西 阳曲市入库完毕!,共2条.
山西 阳泉市入库完毕!,共30条.
广东 东莞市入库完毕!,共134条.
广东 中山市入库完毕!,共28条.
广东 云浮市入库完毕!,共76条.
广东 佛山市入库完毕!,共285条.
广东 博罗市入库完毕!,共25条.
广东 台山市入库完毕!,共40条.
广东 广州市入库完毕!,共402条.
广东 开平市入库完毕!,共1条.
广东 恩平市入库完毕!,共24条.
广东 惠东市入库完毕!,共25条.
广东 惠州市入库完毕!,共220条.
广东 揭阳市入库完毕!,共10条.
广东 普宁市入库完毕!,共21条.
广东 梅州市入库完毕!,共105条.
广东 汕头市入库完毕!,共236条.
广东 汕尾市入库完毕!,共21条.
广东 江门市入库完毕!,共170条.
广东 河源市入库完毕!,共87条.
广东 深圳市入库完毕!,共442条.
广东 清远市入库完毕!,共57条.
广东 湛江市入库完毕!,共106条.
广东 潮州市入库完毕!,共7条.
广东 珠海市入库完毕!,共162条.
上海市 上海市入库完毕!,共742条.
云南 临沧市入库完毕!,共19条.
云南 丽江市入库完毕!,共44条.
云南 保山市入库完毕!,共46条.
云南 大理市入库完毕!,共16条.
云南 安宁市入库完毕!,共39条.
云南 宜良市入库完毕!,共10条.
云南 德宏市入库完毕!,共33条.
云南 怒江市入库完毕!,共2条.
云南 文山市入库完毕!,共25条.
云南 昆明市入库完毕!,共319条.
云南 昭通市入库完毕!,共36条.
云南 普洱市入库完毕!,共58条.
云南 曲靖市入库完毕!,共223条.
云南 楚雄市入库完毕!,共16条.
云南 玉溪市入库完毕!,共97条.
云南 红河市入库完毕!,共8条.
云南 西双版纳市入库完毕!,共16条.
云南 迪庆市入库完毕!,共9条.
内蒙古 乌兰察布市入库完毕!,共74条.
内蒙古 乌海市入库完毕!,共46条.
内蒙古 兴安盟市入库完毕!,共34条.
内蒙古 包头市入库完毕!,共86条.
内蒙古 呼伦贝尔市入库完毕!,共44条.
内蒙古 呼和浩特市入库完毕!,共205条.
内蒙古 巴彦淖尔市入库完毕!,共13条.
内蒙古 海拉尔市入库完毕!,共33条.
内蒙古 赤峰市入库完毕!,共7条.
内蒙古 通辽市入库完毕!,共45条.
内蒙古 鄂尔多斯市入库完毕!,共24条.
内蒙古 锡林浩特市入库完毕!,共6条.
内蒙古 锡林郭勒盟市入库完毕!,共6条.
内蒙古 阿拉善盟市入库完毕!,共3条.
北京市 北京市入库完毕!,共679条.
吉林 公主岭市入库完毕!,共8条.
吉林 农安市入库完毕!,共21条.
吉林 吉林市入库完毕!,共72条.
吉林 四平市入库完毕!,共46条.
吉林 延边市入库完毕!,共82条.
吉林 德惠市入库完毕!,共21条.
吉林 松原市入库完毕!,共30条.
吉林 桦甸市入库完毕!,共4条.
吉林 榆树市入库完毕!,共9条.
吉林 白城市入库完毕!,共13条.
吉林 白山市入库完毕!,共27条.
吉林 辽源市入库完毕!,共4条.
吉林 通化市入库完毕!,共17条.
吉林 长春市入库完毕!,共155条.
四川 万州市入库完毕!,共47条.
四川 乐山市入库完毕!,共54条.
四川 内江市入库完毕!,共1条.
四川 凉山市入库完毕!,共23条.
四川 南充市入库完毕!,共119条.
四川 合川市入库完毕!,共13条.
四川 大邑市入库完毕!,共51条.
四川 宜宾市入库完毕!,共71条.
四川 峨眉山市入库完毕!,共31条.
四川 崇州市入库完毕!,共28条.
四川 巴中市入库完毕!,共144条.
四川 广元市入库完毕!,共14条.
四川 广安市入库完毕!,共118条.
四川 彭州市入库完毕!,共34条.
四川 德阳市入库完毕!,共151条.
四川 成都市入库完毕!,共484条.
四川 攀枝花市入库完毕!,共28条.
四川 新津市入库完毕!,共29条.
四川 泸州市入库完毕!,共60条.
四川 涪陵市入库完毕!,共29条.
四川 甘孜市入库完毕!,共14条.
四川 眉山市入库完毕!,共42条.
四川 简阳市入库完毕!,共26条.
四川 綦江市入库完毕!,共31条.
四川 绵阳市入库完毕!,共193条.
四川 自贡市入库完毕!,共23条.
四川 资阳市入库完毕!,共21条.
四川 达州市入库完毕!,共74条.
四川 遂宁市入库完毕!,共21条.
四川 邛崃市入库完毕!,共41条.
四川 都江堰市入库完毕!,共1条.
四川 金堂市入库完毕!,共49条.
四川 阿坝州市入库完毕!,共8条.
四川 雅安市入库完毕!,共37条.
四川 黔江市入库完毕!,共15条.
天津市 天津市入库完毕!,共483条.
宁夏 中卫市入库完毕!,共15条.
宁夏 吴忠市入库完毕!,共66条.
宁夏 固原市入库完毕!,共27条.
宁夏 石嘴山市入库完毕!,共7条.
宁夏 银川市入库完毕!,共86条.
安徽 五河市入库完毕!,共7条.
安徽 亳州市入库完毕!,共65条.
安徽 六安市入库完毕!,共72条.
安徽 合肥市入库完毕!,共406条.
安徽 固镇市入库完毕!,共7条.
安徽 安庆市入库完毕!,共43条.
安徽 宣城市入库完毕!,共64条.
安徽 宿州市入库完毕!,共57条.
安徽 巢湖市入库完毕!,共22条.
安徽 庐江市入库完毕!,共29条.
安徽 当涂市入库完毕!,共16条.
安徽 怀远市入库完毕!,共6条.
安徽 桐城市入库完毕!,共44条.
安徽 池州市入库完毕!,共62条.
安徽 淮北市入库完毕!,共65条.
安徽 淮南市入库完毕!,共59条.
安徽 滁州市入库完毕!,共40条.
安徽 繁昌市入库完毕!,共7条.
安徽 肥东市入库完毕!,共42条.
安徽 肥西市入库完毕!,共35条.
安徽 芜湖市入库完毕!,共82条.
安徽 蚌埠市入库完毕!,共97条.
安徽 铜陵市入库完毕!,共35条.
安徽 长丰市入库完毕!,共29条.
安徽 阜阳市入库完毕!,共90条.
安徽 霍邱市入库完毕!,共22条.
安徽 马鞍山市入库完毕!,共31条.
安徽 黄山市入库完毕!,共51条.
山东 东营市入库完毕!,共36条.
山东 临朐市入库完毕!,共29条.
山东 临沂市入库完毕!,共116条.
山东 临清市入库完毕!,共11条.
山东 即墨市入库完毕!,共65条.
山东 商河市入库完毕!,共12条.
山东 威海市入库完毕!,共174条.
山东 安丘市入库完毕!,共21条.
山东 寿光市入库完毕!,共42条.
山东 平度市入库完毕!,共41条.
山东 平阴市入库完毕!,共10条.
山东 广饶市入库完毕!,共31条.
山东 德州市入库完毕!,共51条.
山东 招远市入库完毕!,共45条.
山东 新泰市入库完毕!,共85条.
山东 日照市入库完毕!,共14条.
山东 昌乐市入库完毕!,共19条.
山东 昌邑市入库完毕!,共18条.
山东 枣庄市入库完毕!,共116条.
山东 栖霞市入库完毕!,共31条.
山东 泰安市入库完毕!,共108条.
山东 济南市入库完毕!,共252条.
山东 济宁市入库完毕!,共122条.
山东 济阳市入库完毕!,共9条.
山东 海阳市入库完毕!,共50条.
山东 淄博市入库完毕!,共157条.
山东 滕州市入库完毕!,共25条.
山东 滨州市入库完毕!,共52条.
山东 潍坊市入库完毕!,共290条.
山东 烟台市入库完毕!,共266条.
山东 章丘市入库完毕!,共39条.
山东 聊城市入库完毕!,共102条.
山东 肥城市入库完毕!,共43条.
山东 胶南市入库完毕!,共11条.
山东 胶州市入库完毕!,共72条.
山东 莱州市入库完毕!,共45条.
山东 莱芜市入库完毕!,共8条.
山东 莱西市入库完毕!,共46条.
山东 莱阳市入库完毕!,共23条.
山东 菏泽市入库完毕!,共135条.
山东 蓬莱市入库完毕!,共44条.
山东 诸城市入库完毕!,共1条.
山东 邹城市入库完毕!,共60条.
山东 邹平市入库完毕!,共14条.
山东 长岛市入库完毕!,共4条.
山东 长清市入库完毕!,共11条.
山东 青岛市入库完毕!,共502条.
山东 青州市入库完毕!,共48条.
山东 高密市入库完毕!,共53条.
山东 龙口市入库完毕!,共51条.
山西 临汾市入库完毕!,共62条.
山西 临猗市入库完毕!,共27条.
山西 吕梁市入库完毕!,共28条.
山西 大同市入库完毕!,共30条.
山西 太原市入库完毕!,共290条.
山西 忻州市入库完毕!,共12条.
山西 怀仁市入库完毕!,共6条.
山西 晋中市入库完毕!,共29条.
山西 晋城市入库完毕!,共40条.
山西 朔州市入库完毕!,共11条.
山西 清徐市入库完毕!,共10条.
山西 运城市入库完毕!,共101条.
山西 长治市入库完毕!,共34条.
山西 阳曲市入库完毕!,共2条.
山西 阳泉市入库完毕!,共30条.
广东 东莞市入库完毕!,共134条.
广东 中山市入库完毕!,共28条.
广东 云浮市入库完毕!,共76条.
广东 佛山市入库完毕!,共285条.
广东 博罗市入库完毕!,共25条.
广东 台山市入库完毕!,共40条.
广东 广州市入库完毕!,共402条.
广东 开平市入库完毕!,共1条.
广东 恩平市入库完毕!,共24条.
广东 惠东市入库完毕!,共25条.
广东 惠州市入库完毕!,共220条.
广东 揭阳市入库完毕!,共10条.
广东 普宁市入库完毕!,共21条.
广东 梅州市入库完毕!,共105条.
广东 汕头市入库完毕!,共236条.
广东 汕尾市入库完毕!,共21条.
广东 江门市入库完毕!,共170条.
广东 河源市入库完毕!,共87条.
广东 深圳市入库完毕!,共442条.
广东 清远市入库完毕!,共57条.
广东 湛江市入库完毕!,共106条.
广东 潮州市入库完毕!,共7条.
广东 珠海市入库完毕!,共162条.
广东 罗定市入库失败!
上海市 上海市入库完毕!,共742条.
云南 临沧市入库完毕!,共19条.
云南 丽江市入库完毕!,共44条.
云南 保山市入库完毕!,共46条.
云南 大理市入库完毕!,共16条.
云南 安宁市入库完毕!,共39条.
云南 宜良市入库完毕!,共10条.
云南 德宏市入库完毕!,共33条.
云南 怒江市入库完毕!,共2条.
云南 文山市入库完毕!,共25条.
云南 昆明市入库完毕!,共319条.
云南 昭通市入库完毕!,共36条.
云南 普洱市入库完毕!,共58条.
云南 曲靖市入库完毕!,共223条.
云南 楚雄市入库完毕!,共16条.
云南 玉溪市入库完毕!,共97条.
云南 红河市入库完毕!,共8条.
云南 西双版纳市入库完毕!,共16条.
云南 迪庆市入库完毕!,共9条.
内蒙古 乌兰察布市入库完毕!,共74条.
内蒙古 乌海市入库完毕!,共46条.
内蒙古 兴安盟市入库完毕!,共34条.
内蒙古 包头市入库完毕!,共86条.
内蒙古 呼伦贝尔市入库完毕!,共44条.
内蒙古 呼和浩特市入库完毕!,共205条.
内蒙古 巴彦淖尔市入库完毕!,共13条.
内蒙古 海拉尔市入库完毕!,共33条.
内蒙古 赤峰市入库完毕!,共7条.
内蒙古 通辽市入库完毕!,共45条.
内蒙古 鄂尔多斯市入库完毕!,共24条.
内蒙古 锡林浩特市入库完毕!,共6条.
内蒙古 锡林郭勒盟市入库完毕!,共6条.
内蒙古 阿拉善盟市入库完毕!,共3条.
北京市 北京市入库完毕!,共679条.
吉林 公主岭市入库完毕!,共8条.
吉林 农安市入库完毕!,共21条.
吉林 吉林市入库完毕!,共72条.
吉林 四平市入库完毕!,共46条.
吉林 延边市入库完毕!,共82条.
吉林 德惠市入库完毕!,共21条.
吉林 松原市入库完毕!,共30条.
吉林 桦甸市入库完毕!,共4条.
吉林 榆树市入库完毕!,共9条.
吉林 白城市入库完毕!,共13条.
吉林 白山市入库完毕!,共27条.
吉林 辽源市入库完毕!,共4条.
吉林 通化市入库完毕!,共17条.
吉林 长春市入库完毕!,共155条.
四川 万州市入库完毕!,共47条.
四川 乐山市入库完毕!,共54条.
四川 内江市入库完毕!,共1条.
四川 凉山市入库完毕!,共23条.
四川 南充市入库完毕!,共119条.
四川 合川市入库完毕!,共13条.
四川 大邑市入库完毕!,共51条.
四川 宜宾市入库完毕!,共71条.
四川 峨眉山市入库完毕!,共31条.
四川 崇州市入库完毕!,共28条.
四川 巴中市入库完毕!,共144条.
四川 广元市入库完毕!,共14条.
四川 广安市入库完毕!,共118条.
四川 彭州市入库完毕!,共34条.
四川 德阳市入库完毕!,共151条.
四川 成都市入库完毕!,共484条.
四川 攀枝花市入库完毕!,共28条.
四川 新津市入库完毕!,共29条.
四川 泸州市入库完毕!,共60条.
四川 涪陵市入库完毕!,共29条.
四川 甘孜市入库完毕!,共14条.
四川 眉山市入库完毕!,共42条.
四川 简阳市入库完毕!,共26条.
四川 綦江市入库完毕!,共31条.
四川 绵阳市入库完毕!,共193条.
四川 自贡市入库完毕!,共23条.
四川 资阳市入库完毕!,共21条.
四川 达州市入库完毕!,共74条.
四川 遂宁市入库完毕!,共21条.
四川 邛崃市入库完毕!,共41条.
四川 都江堰市入库完毕!,共1条.
四川 金堂市入库完毕!,共49条.
四川 阿坝州市入库完毕!,共8条.
四川 雅安市入库完毕!,共37条.
四川 黔江市入库完毕!,共15条.
天津市 天津市入库完毕!,共483条.
宁夏 中卫市入库完毕!,共15条.
宁夏 吴忠市入库完毕!,共66条.
宁夏 固原市入库完毕!,共27条.
宁夏 石嘴山市入库完毕!,共7条.
宁夏 银川市入库完毕!,共86条.
安徽 五河市入库完毕!,共7条.
安徽 亳州市入库完毕!,共65条.
安徽 六安市入库完毕!,共72条.
安徽 合肥市入库完毕!,共406条.
安徽 固镇市入库完毕!,共7条.
安徽 安庆市入库完毕!,共43条.
安徽 宣城市入库完毕!,共64条.
安徽 宿州市入库完毕!,共57条.
安徽 巢湖市入库完毕!,共22条.
安徽 庐江市入库完毕!,共29条.
安徽 当涂市入库完毕!,共16条.
安徽 怀远市入库完毕!,共6条.
安徽 桐城市入库完毕!,共44条.
安徽 池州市入库完毕!,共62条.
安徽 淮北市入库完毕!,共65条.
安徽 淮南市入库完毕!,共59条.
安徽 滁州市入库完毕!,共40条.
安徽 繁昌市入库完毕!,共7条.
安徽 肥东市入库完毕!,共42条.
安徽 肥西市入库完毕!,共35条.
安徽 芜湖市入库完毕!,共82条.
安徽 蚌埠市入库完毕!,共97条.
安徽 铜陵市入库完毕!,共35条.
安徽 长丰市入库完毕!,共29条.
安徽 阜阳市入库完毕!,共90条.
安徽 霍邱市入库完毕!,共22条.
安徽 马鞍山市入库完毕!,共31条.
安徽 黄山市入库完毕!,共51条.
山东 东营市入库完毕!,共36条.
山东 临朐市入库完毕!,共29条.
山东 临沂市入库完毕!,共116条.
山东 临清市入库完毕!,共11条.
山东 即墨市入库完毕!,共65条.
山东 商河市入库完毕!,共12条.
山东 威海市入库完毕!,共174条.
山东 安丘市入库完毕!,共21条.
山东 寿光市入库完毕!,共42条.
山东 平度市入库完毕!,共41条.
山东 平阴市入库完毕!,共10条.
山东 广饶市入库完毕!,共31条.
山东 德州市入库完毕!,共51条.
山东 招远市入库完毕!,共45条.
山东 新泰市入库完毕!,共85条.
山东 日照市入库完毕!,共14条.
山东 昌乐市入库完毕!,共19条.
山东 昌邑市入库完毕!,共18条.
山东 枣庄市入库完毕!,共116条.
山东 栖霞市入库完毕!,共31条.
山东 泰安市入库完毕!,共108条.
山东 济南市入库完毕!,共252条.
山东 济宁市入库完毕!,共122条.
山东 济阳市入库完毕!,共9条.
山东 海阳市入库完毕!,共50条.
山东 淄博市入库完毕!,共157条.
山东 滕州市入库完毕!,共25条.
山东 滨州市入库完毕!,共52条.
山东 潍坊市入库完毕!,共290条.
山东 烟台市入库完毕!,共266条.
山东 章丘市入库完毕!,共39条.
山东 聊城市入库完毕!,共102条.
山东 肥城市入库完毕!,共43条.
山东 胶南市入库完毕!,共11条.
山东 胶州市入库完毕!,共72条.
山东 莱州市入库完毕!,共45条.
山东 莱芜市入库完毕!,共8条.
山东 莱西市入库完毕!,共46条.
山东 莱阳市入库完毕!,共23条.
山东 菏泽市入库完毕!,共135条.
山东 蓬莱市入库完毕!,共44条.
山东 诸城市入库完毕!,共1条.
山东 邹城市入库完毕!,共60条.
山东 邹平市入库完毕!,共14条.
山东 长岛市入库完毕!,共4条.
山东 长清市入库完毕!,共11条.
山东 青岛市入库完毕!,共502条.
山东 青州市入库完毕!,共48条.
山东 高密市入库完毕!,共53条.
山东 龙口市入库完毕!,共51条.
山西 临汾市入库完毕!,共62条.
山西 临猗市入库完毕!,共27条.
山西 吕梁市入库完毕!,共28条.
山西 大同市入库完毕!,共30条.
山西 太原市入库完毕!,共290条.
山西 忻州市入库完毕!,共12条.
山西 怀仁市入库完毕!,共6条.
山西 晋中市入库完毕!,共29条.
山西 晋城市入库完毕!,共40条.
山西 朔州市入库完毕!,共11条.
山西 清徐市入库完毕!,共10条.
山西 运城市入库完毕!,共101条.
山西 长治市入库完毕!,共34条.
山西 阳曲市入库完毕!,共2条.
山西 阳泉市入库完毕!,共30条.
广东 东莞市入库完毕!,共134条.
广东 中山市入库完毕!,共28条.
广东 云浮市入库完毕!,共76条.
广东 佛山市入库完毕!,共285条.
广东 博罗市入库完毕!,共25条.
广东 台山市入库完毕!,共40条.
广东 广州市入库完毕!,共402条.
广东 开平市入库完毕!,共1条.
广东 恩平市入库完毕!,共24条.
广东 惠东市入库完毕!,共25条.
广东 惠州市入库完毕!,共220条.
广东 揭阳市入库完毕!,共10条.
广东 普宁市入库完毕!,共21条.
广东 梅州市入库完毕!,共105条.
广东 汕头市入库完毕!,共236条.
广东 汕尾市入库完毕!,共21条.
广东 江门市入库完毕!,共170条.
广东 河源市入库完毕!,共87条.
广东 深圳市入库完毕!,共442条.
广东 清远市入库完毕!,共57条.
广东 湛江市入库完毕!,共106条.
广东 潮州市入库完毕!,共7条.
广东 珠海市入库完毕!,共162条.
广东 罗定市入库失败!
广东 肇庆市入库完毕!,共183条.
广东 茂名市入库完毕!,共82条.
广东 阳春市入库完毕!,共23条.
广东 阳江市入库完毕!,共123条.
广东 韶关市入库完毕!,共34条.
广东 顺德市入库完毕!,共84条.
广东 鹤山市入库完毕!,共36条.
广东 龙门市入库完毕!,共7条.
广西 北海市入库完毕!,共158条.
广西 南宁市入库完毕!,共245条.
广西 宾阳市入库完毕!,共18条.
广西 崇左市入库完毕!,共73条.
广西 来宾市入库完毕!,共92条.
广西 柳州市入库完毕!,共84条.
广西 桂林市入库完毕!,共127条.
广西 梧州市入库完毕!,共27条.
广西 横县市入库完毕!,共20条.
广西 河池市入库完毕!,共43条.
广西 玉林市入库完毕!,共48条.
广西 百色市入库完毕!,共59条.
广西 贵港市入库完毕!,共74条.
广西 贺州市入库完毕!,共20条.
广西 邕宁市入库完毕!,共7条.
广西 钦州市入库完毕!,共83条.
广西 防城港市入库完毕!,共54条.
新疆 乌鲁木齐市入库完毕!,共117条.
新疆 五家渠市入库完毕!,共7条.
新疆 伊犁市入库完毕!,共82条.
新疆 克孜勒苏市入库完毕!,共7条.
新疆 克拉玛依市入库完毕!,共6条.
新疆 博尔塔拉市入库完毕!,共10条.
新疆 吐鲁番市入库完毕!,共7条.
新疆 和田市入库完毕!,共11条.
新疆 哈密市入库完毕!,共10条.
新疆 喀什市入库完毕!,共64条.
新疆 图木舒克市入库失败!
新疆 奎屯市入库完毕!,共7条.
新疆 巴州市入库完毕!,共138条.
新疆 库尔勒市入库完毕!,共7条.
新疆 石河子市入库完毕!,共8条.
新疆 阿克苏市入库完毕!,共33条.
江苏 东台市入库完毕!,共7条.
江苏 东海市入库失败!
江苏 丰县市入库完毕!,共42条.
江苏 仪征市入库完毕!,共30条.
江苏 兴化市入库完毕!,共26条.
江苏 南京市入库完毕!,共266条.
江苏 南通市入库完毕!,共22条.
江苏 句容市入库完毕!,共87条.
江苏 启东市入库完毕!,共43条.
江苏 吴江市入库失败!
江苏 太仓市入库完毕!,共33条.
江苏 如东市入库完毕!,共26条.
江苏 如皋市入库完毕!,共24条.
江苏 姜堰市入库完毕!,共22条.
江苏 宜兴市入库完毕!,共44条.
江苏 宝应市入库完毕!,共21条.
江苏 宿迁市入库完毕!,共140条.
江苏 常州市入库完毕!,共147条.
江苏 常熟市入库完毕!,共17条.
江苏 张家港市入库完毕!,共27条.
江苏 徐州市入库完毕!,共144条.
江苏 扬州市入库完毕!,共242条.
江苏 新沂市入库完毕!,共35条.
江苏 无锡市入库完毕!,共297条.
江苏 昆山市入库完毕!,共153条.
江苏 江都市入库完毕!,共19条.
江苏 江阴市入库完毕!,共107条.
江苏 沛县市入库完毕!,共32条.
江苏 沭阳市入库完毕!,共43条.
江苏 泉山市入库完毕!,共25条.
江苏 泰兴市入库完毕!,共75条.
江苏 泰州市入库完毕!,共52条.
江苏 海安市入库完毕!,共30条.
江苏 海门市入库完毕!,共73条.
江苏 淮安市入库完毕!,共163条.
江苏 溧阳市入库完毕!,共23条.
江苏 玉山市入库完毕!,共17条.
江苏 盐城市入库完毕!,共136条.
江苏 睢宁市入库完毕!,共40条.
江苏 苏州市入库完毕!,共380条.
江苏 连云港市入库完毕!,共89条.
江苏 邳州市入库完毕!,共24条.
江苏 金坛市入库完毕!,共15条.
江苏 金湖市入库完毕!,共7条.
江苏 铜山市入库完毕!,共17条.
江苏 镇江市入库完毕!,共131条.
江苏 阜宁市入库完毕!,共7条.
江苏 靖江市入库完毕!,共22条.
江苏 高淳市入库完毕!,共21条.
江苏 高邮市入库完毕!,共32条.
江西 上饶市入库完毕!,共33条.
江西 丰城市入库完毕!,共12条.
江西 九江市入库完毕!,共75条.
江西 南昌市入库完毕!,共250条.
江西 吉安市入库完毕!,共91条.
江西 宜春市入库完毕!,共61条.
江西 抚州市入库完毕!,共44条.
江西 新余市入库完毕!,共113条.
江西 新建市入库完毕!,共25条.
江西 景德镇市入库完毕!,共35条.
江西 萍乡市入库完毕!,共60条.
江西 赣州市入库完毕!,共37条.
江西 进贤市入库完毕!,共20条.
江西 靖安市入库完毕!,共8条.
江西 鹰潭市入库完毕!,共26条.
河北 三河市入库完毕!,共16条.
河北 乐亭市入库完毕!,共6条.
河北 任丘市入库完毕!,共6条.
河北 保定市入库完毕!,共64条.
河北 元氏市入库完毕!,共8条.
河北 冀州市入库完毕!,共6条.
河北 唐山市入库完毕!,共219条.
河北 定州市入库完毕!,共61条.
河北 平山市入库完毕!,共6条.
河北 廊坊市入库完毕!,共145条.
河北 张北市入库失败!
河北 张家口市入库完毕!,共113条.
河北 承德市入库完毕!,共106条.
河北 文安市入库完毕!,共5条.
河北 新乐市入库完毕!,共6条.
河北 无极市入库完毕!,共11条.
河北 昌黎市入库完毕!,共29条.
河北 晋州市入库完毕!,共1条.
河北 武安市入库完毕!,共9条.
河北 沧州市入库完毕!,共67条.
河北 深州市入库完毕!,共7条.
河北 滦南市入库完毕!,共9条.
河北 滦县市入库完毕!,共10条.
河北 玉田市入库完毕!,共15条.
河北 石家庄市入库完毕!,共363条.
河北 秦皇岛市入库完毕!,共169条.
河北 衡水市入库完毕!,共75条.
河北 赵县市入库完毕!,共2条.
河北 辛集市入库完毕!,共22条.
河北 迁安市入库完毕!,共23条.
河北 迁西市入库完毕!,共18条.
河北 遵化市入库完毕!,共8条.
河北 邢台市入库完毕!,共38条.
河北 邯郸市入库完毕!,共50条.
河北 霸州市入库完毕!,共19条.
河北 青龙市入库完毕!,共5条.
河北 高碑店市入库完毕!,共32条.
河南 三门峡市入库完毕!,共15条.
河南 中牟市入库完毕!,共96条.
河南 伊川市入库完毕!,共10条.
河南 信阳市入库完毕!,共79条.
河南 偃师市入库完毕!,共8条.
河南 兰考市入库完毕!,共8条.
河南 南阳市入库完毕!,共1条.
河南 周口市入库完毕!,共75条.
河南 商丘市入库完毕!,共237条.
河南 孟津市入库完毕!,共22条.
河南 安阳市入库完毕!,共66条.
河南 宜阳市入库完毕!,共61条.
河南 嵩县市入库完毕!,共7条.
河南 巩义市入库完毕!,共19条.
河南 平顶山市入库完毕!,共8条.
河南 开封市入库完毕!,共169条.
河南 新乡市入库完毕!,共80条.
河南 新安市入库完毕!,共15条.
河南 新密市入库完毕!,共29条.
河南 新郑市入库完毕!,共114条.
河南 栾川市入库完毕!,共9条.
河南 永城市入库完毕!,共29条.
河南 汝州市入库完毕!,共8条.
河南 汝阳市入库完毕!,共7条.
河南 洛宁市入库完毕!,共5条.
河南 洛阳市入库完毕!,共261条.
河南 济源市入库完毕!,共73条.
河南 漯河市入库完毕!,共102条.
河南 濮阳市入库完毕!,共7条.
河南 焦作市入库完毕!,共65条.
河南 登封市入库完毕!,共20条.
河南 禹州市入库完毕!,共35条.
河南 舞钢市入库完毕!,共8条.
河南 荥阳市入库完毕!,共41条.
河南 许昌市入库完毕!,共88条.
河南 邓州市入库完毕!,共21条.
河南 郑州市入库完毕!,共464条.
河南 鄢陵市入库完毕!,共15条.
河南 长葛市入库完毕!,共35条.
河南 驻马店市入库完毕!,共75条.
河南 鹤壁市入库完毕!,共108条.
浙江 上虞市入库完毕!,共39条.
浙江 临安市入库完毕!,共28条.
浙江 临海市入库完毕!,共30条.
浙江 丽水市入库完毕!,共46条.
浙江 余姚市入库完毕!,共67条.
浙江 台州市入库完毕!,共117条.
浙江 嘉兴市入库完毕!,共347条.
浙江 奉化市入库失败!
浙江 宁波市入库完毕!,共241条.
浙江 宁海市入库完毕!,共27条.
浙江 安吉市入库失败!
浙江 平湖市入库完毕!,共83条.
浙江 建德市入库完毕!,共29条.
浙江 德清市入库完毕!,共41条.
浙江 慈溪市入库完毕!,共47条.
浙江 杭州市入库完毕!,共401条.
浙江 桐乡市入库完毕!,共72条.
浙江 桐庐市入库完毕!,共18条.
浙江 海宁市入库完毕!,共55条.
浙江 海盐市入库完毕!,共19条.
浙江 淳安市入库完毕!,共31条.
浙江 温岭市入库完毕!,共46条.
浙江 温州市入库完毕!,共222条.
浙江 湖州市入库完毕!,共11条.
浙江 玉环市入库完毕!,共23条.
浙江 瑞安市入库失败!
浙江 绍兴市入库完毕!,共81条.
浙江 舟山市入库完毕!,共73条.
浙江 衢州市入库完毕!,共56条.
浙江 诸暨市入库完毕!,共56条.
浙江 象山市入库完毕!,共38条.
浙江 金华市入库完毕!,共78条.
浙江 镇海市入库完毕!,共18条.
浙江 长兴市入库完毕!,共14条.
海南 万宁市入库完毕!,共25条.
海南 三亚市入库完毕!,共161条.
海南 东方市入库完毕!,共21条.
海南 儋州市入库完毕!,共37条.
海南 海南市入库完毕!,共491条.
湖北 京山市入库完毕!,共7条.
湖北 仙桃市入库完毕!,共72条.
湖北 十堰市入库完毕!,共49条.
湖北 咸宁市入库完毕!,共82条.
湖北 天门市入库完毕!,共45条.
湖北 孝感市入库完毕!,共138条.
湖北 宜城市入库完毕!,共4条.
湖北 宜昌市入库完毕!,共149条.
湖北 宜都市入库完毕!,共39条.
湖北 当阳市入库完毕!,共11条.
湖北 恩施市入库完毕!,共28条.
湖北 枝江市入库完毕!,共10条.
湖北 枣阳市入库完毕!,共4条.
湖北 武汉市入库完毕!,共591条.
湖北 汉南市入库完毕!,共13条.
湖北 潜江市入库完毕!,共36条.
湖北 神农架市入库完毕!,共7条.
湖北 老河口市入库完毕!,共8条.
湖北 荆州市入库完毕!,共71条.
湖北 荆门市入库完毕!,共46条.
湖北 襄阳市入库完毕!,共47条.
湖北 鄂州市入库完毕!,共69条.
湖北 钟祥市入库完毕!,共7条.
湖北 随州市入库完毕!,共44条.
湖北 黄冈市入库完毕!,共40条.
湖北 黄石市入库完毕!,共35条.
湖南 娄底市入库完毕!,共91条.
湖南 宁乡市入库完毕!,共70条.
湖南 岳阳市入库完毕!,共62条.
湖南 常宁市入库完毕!,共9条.
湖南 常德市入库完毕!,共104条.
湖南 张家界市入库完毕!,共19条.
湖南 怀化市入库完毕!,共48条.
湖南 攸县市入库完毕!,共8条.
湖南 望城市入库完毕!,共9条.
湖南 株洲市入库完毕!,共88条.
湖南 永州市入库完毕!,共208条.
湖南 浏阳市入库完毕!,共29条.
湖南 湘乡市入库完毕!,共8条.
湖南 湘潭市入库完毕!,共52条.
湖南 湘西市入库完毕!,共42条.
湖南 益阳市入库完毕!,共92条.
湖南 耒阳市入库完毕!,共7条.
湖南 衡阳市入库完毕!,共158条.
湖南 邵阳市入库完毕!,共154条.
湖南 郴州市入库完毕!,共103条.
湖南 醴陵市入库完毕!,共7条.
湖南 长沙市入库完毕!,共624条.
湖南 韶山市入库失败!
甘肃 临夏市入库完毕!,共12条.
甘肃 兰州市入库完毕!,共56条.
甘肃 嘉峪关市入库完毕!,共9条.
甘肃 天水市入库完毕!,共64条.
甘肃 定西市入库完毕!,共48条.
甘肃 平凉市入库完毕!,共30条.
甘肃 庆阳市入库完毕!,共37条.
甘肃 张掖市入库完毕!,共32条.
甘肃 榆中市入库完毕!,共28条.
甘肃 武威市入库完毕!,共32条.
甘肃 永登市入库完毕!,共37条.
甘肃 甘南市入库完毕!,共7条.
甘肃 白银市入库完毕!,共26条.
甘肃 酒泉市入库完毕!,共28条.
甘肃 金昌市入库完毕!,共8条.
甘肃 陇南市入库完毕!,共16条.
福建 三明市入库完毕!,共49条.
福建 南安市入库完毕!,共46条.
福建 南平市入库完毕!,共110条.
福建 厦门市入库完毕!,共158条.
福建 宁德市入库完毕!,共75条.
福建 安溪市入库完毕!,共54条.
福建 平潭市入库完毕!,共19条.
福建 德化市入库完毕!,共4条.
福建 惠安市入库完毕!,共36条.
福建 永安市入库完毕!,共7条.
福建 永春市入库完毕!,共15条.
福建 永泰市入库完毕!,共8条.
福建 泉州市入库完毕!,共172条.
福建 泉港市入库完毕!,共7条.
福建 漳州市入库完毕!,共226条.
福建 石狮市入库完毕!,共22条.
福建 福安市入库完毕!,共11条.
福建 福州市入库完毕!,共216条.
福建 福清市入库完毕!,共30条.
福建 罗源市入库完毕!,共7条.
福建 莆田市入库完毕!,共105条.
福建 连江市入库完毕!,共31条.
福建 长乐市入库完毕!,共16条.
福建 闽清市入库完毕!,共7条.
福建 龙岩市入库完毕!,共61条.
福建 龙海市入库完毕!,共54条.
贵州 修文市入库完毕!,共5条.
贵州 六盘水市入库完毕!,共43条.
贵州 安顺市入库完毕!,共24条.
贵州 开阳市入库完毕!,共6条.
贵州 毕节市入库完毕!,共60条.
贵州 清镇市入库完毕!,共8条.
贵州 贵阳市入库完毕!,共147条.
贵州 遵义市入库完毕!,共74条.
贵州 铜仁市入库完毕!,共44条.
贵州 黔东南市入库完毕!,共51条.
贵州 黔南市入库完毕!,共56条.
贵州 黔西南市入库完毕!,共60条.
辽宁 东港市入库完毕!,共8条.
辽宁 丹东市入库完毕!,共70条.
辽宁 凤城市入库失败!
辽宁 台安市入库完毕!,共3条.
辽宁 大连市入库完毕!,共208条.
辽宁 庄河市入库完毕!,共10条.
辽宁 康平市入库完毕!,共6条.
辽宁 抚顺市入库完毕!,共68条.
辽宁 新民市入库完毕!,共17条.
辽宁 普兰店市入库完毕!,共13条.
辽宁 朝阳市入库完毕!,共197条.
辽宁 本溪市入库完毕!,共88条.
辽宁 沈阳市入库完毕!,共450条.
辽宁 法库市入库完毕!,共4条.
辽宁 海城市入库完毕!,共10条.
辽宁 瓦房店市入库完毕!,共14条.
辽宁 盘锦市入库完毕!,共25条.
辽宁 营口市入库完毕!,共186条.
辽宁 葫芦岛市入库完毕!,共146条.
辽宁 辽中市入库完毕!,共7条.
辽宁 辽阳市入库完毕!,共95条.
辽宁 铁岭市入库完毕!,共80条.
辽宁 锦州市入库完毕!,共85条.
辽宁 阜新市入库完毕!,共34条.
辽宁 鞍山市入库完毕!,共112条.
重庆市 丰都市入库完毕!,共7条.
重庆市 云阳市入库失败!
重庆市 垫江市入库失败!
重庆市 大足市入库完毕!,共62条.
重庆市 奉节市入库失败!
重庆市 巫山市入库完毕!,共1条.
重庆市 开县市入库失败!
重庆市 忠县市入库失败!
重庆市 梁平市入库失败!
重庆市 武隆市入库失败!
重庆市 永川市入库完毕!,共16条.
重庆市 江津市入库完毕!,共74条.
重庆市 潼南市入库完毕!,共29条.
重庆市 璧山市入库完毕!,共27条.
重庆市 石柱市入库失败!
重庆市 荣昌市入库失败!
重庆市 重庆市入库完毕!,共551条.
重庆市 铜梁市入库完毕!,共49条.
重庆市 长寿市入库完毕!,共30条.
陕西 周至市入库完毕!,共8条.
陕西 咸阳市入库完毕!,共166条.
陕西 商洛市入库完毕!,共47条.
陕西 安康市入库完毕!,共30条.
陕西 宝鸡市入库完毕!,共41条.
陕西 延安市入库完毕!,共27条.
陕西 户县市入库完毕!,共6条.
陕西 榆林市入库完毕!,共25条.
陕西 汉中市入库完毕!,共74条.
陕西 渭南市入库完毕!,共93条.
陕西 蓝田市入库完毕!,共35条.
陕西 西安市入库完毕!,共646条.
陕西 铜川市入库完毕!,共44条.
陕西 高陵市入库完毕!,共7条.
青海 果洛市入库完毕!,共5条.
青海 海东市入库完毕!,共10条.
青海 海北市入库完毕!,共4条.
青海 海西市入库完毕!,共8条.
青海 玉树市入库完毕!,共5条.
青海 西宁市入库完毕!,共33条.
青海 黄南市入库完毕!,共5条.
黑龙江 七台河市入库完毕!,共11条.
黑龙江 五常市入库完毕!,共6条.
黑龙江 伊春市入库完毕!,共15条.
黑龙江 佳木斯市入库完毕!,共46条.
黑龙江 依兰市入库完毕!,共6条.
黑龙江 双鸭山市入库完毕!,共15条.
黑龙江 哈尔滨市入库完毕!,共208条.
黑龙江 大兴安岭市入库完毕!,共2条.
黑龙江 大庆市入库完毕!,共63条.
黑龙江 安达市入库完毕!,共21条.
黑龙江 宾县市入库完毕!,共6条.
黑龙江 尚志市入库完毕!,共4条.
黑龙江 巴彦市入库完毕!,共7条.
黑龙江 海林市入库完毕!,共7条.
黑龙江 牡丹江市入库完毕!,共61条.
黑龙江 绥化市入库完毕!,共95条.
黑龙江 肇东市入库完毕!,共14条.
黑龙江 肇州市入库完毕!,共6条.
黑龙江 肇源市入库完毕!,共7条.
黑龙江 鸡西市入库完毕!,共56条.
黑龙江 鹤岗市入库完毕!,共4条.
黑龙江 黑河市入库完毕!,共24条.
黑龙江 齐齐哈尔市入库完毕!,共22条.
上海市 上海市入库完毕!,共742条.
云南 临沧市入库完毕!,共19条.
云南 丽江市入库完毕!,共44条.
云南 保山市入库完毕!,共46条.
云南 大理市入库完毕!,共16条.
云南 安宁市入库完毕!,共39条.
云南 宜良市入库完毕!,共10条.
云南 德宏市入库完毕!,共33条.
云南 怒江市入库完毕!,共2条.
云南 文山市入库完毕!,共25条.
云南 昆明市入库完毕!,共319条.
云南 昭通市入库完毕!,共36条.
云南 普洱市入库完毕!,共58条.
云南 曲靖市入库完毕!,共223条.
云南 楚雄市入库完毕!,共16条.
云南 玉溪市入库完毕!,共97条.
云南 红河市入库完毕!,共8条.
云南 西双版纳市入库完毕!,共16条.
云南 迪庆市入库完毕!,共9条.
内蒙古 乌兰察布市入库完毕!,共74条.
内蒙古 乌海市入库完毕!,共46条.
内蒙古 兴安盟市入库完毕!,共34条.
内蒙古 包头市入库完毕!,共86条.
内蒙古 呼伦贝尔市入库完毕!,共44条.
内蒙古 呼和浩特市入库完毕!,共205条.
内蒙古 巴彦淖尔市入库完毕!,共13条.
内蒙古 海拉尔市入库完毕!,共33条.
内蒙古 赤峰市入库完毕!,共7条.
内蒙古 通辽市入库完毕!,共45条.
内蒙古 鄂尔多斯市入库完毕!,共24条.
内蒙古 锡林浩特市入库完毕!,共6条.
内蒙古 锡林郭勒盟市入库完毕!,共6条.
内蒙古 阿拉善盟市入库完毕!,共3条.
北京市 北京市入库完毕!,共679条.
吉林 公主岭市入库完毕!,共8条.
吉林 农安市入库完毕!,共21条.
吉林 吉林市入库完毕!,共72条.
吉林 四平市入库完毕!,共46条.
吉林 延边市入库完毕!,共82条.
吉林 德惠市入库完毕!,共21条.
吉林 松原市入库完毕!,共30条.
吉林 桦甸市入库完毕!,共4条.
吉林 榆树市入库完毕!,共9条.
吉林 白城市入库完毕!,共13条.
吉林 白山市入库完毕!,共27条.
吉林 辽源市入库完毕!,共4条.
吉林 通化市入库完毕!,共17条.
吉林 长春市入库完毕!,共155条.
四川 万州市入库完毕!,共47条.
四川 乐山市入库完毕!,共54条.
四川 内江市入库完毕!,共1条.
四川 凉山市入库完毕!,共23条.
四川 南充市入库完毕!,共119条.
四川 合川市入库完毕!,共13条.
四川 大邑市入库完毕!,共51条.
四川 宜宾市入库完毕!,共71条.
四川 峨眉山市入库完毕!,共31条.
四川 崇州市入库完毕!,共28条.
四川 巴中市入库完毕!,共144条.
四川 广元市入库完毕!,共14条.
四川 广安市入库完毕!,共118条.
四川 彭州市入库完毕!,共34条.
四川 德阳市入库完毕!,共151条.
四川 成都市入库完毕!,共484条.
四川 攀枝花市入库完毕!,共28条.
四川 新津市入库完毕!,共29条.
四川 泸州市入库完毕!,共60条.
四川 涪陵市入库完毕!,共29条.
四川 甘孜市入库完毕!,共14条.
四川 眉山市入库完毕!,共42条.
四川 简阳市入库完毕!,共26条.
四川 綦江市入库完毕!,共31条.
四川 绵阳市入库完毕!,共193条.
四川 自贡市入库完毕!,共23条.
四川 资阳市入库完毕!,共21条.
四川 达州市入库完毕!,共74条.
四川 遂宁市入库完毕!,共21条.
四川 邛崃市入库完毕!,共41条.
四川 都江堰市入库完毕!,共1条.
四川 金堂市入库完毕!,共49条.
四川 阿坝州市入库完毕!,共8条.
四川 雅安市入库完毕!,共37条.
四川 黔江市入库完毕!,共15条.
天津市 天津市入库完毕!,共483条.
宁夏 中卫市入库完毕!,共15条.
宁夏 吴忠市入库完毕!,共66条.
宁夏 固原市入库完毕!,共27条.
宁夏 石嘴山市入库完毕!,共7条.
宁夏 银川市入库完毕!,共86条.
安徽 五河市入库完毕!,共7条.
安徽 亳州市入库完毕!,共65条.
安徽 六安市入库完毕!,共72条.
安徽 合肥市入库完毕!,共406条.
安徽 固镇市入库完毕!,共7条.
安徽 安庆市入库完毕!,共43条.
安徽 宣城市入库完毕!,共64条.
安徽 宿州市入库完毕!,共57条.
安徽 巢湖市入库完毕!,共22条.
安徽 庐江市入库完毕!,共29条.
安徽 当涂市入库完毕!,共16条.
安徽 怀远市入库完毕!,共6条.
安徽 桐城市入库完毕!,共44条.
安徽 池州市入库完毕!,共62条.
安徽 淮北市入库完毕!,共65条.
安徽 淮南市入库完毕!,共59条.
安徽 滁州市入库完毕!,共40条.
安徽 繁昌市入库完毕!,共7条.
安徽 肥东市入库完毕!,共42条.
安徽 肥西市入库完毕!,共35条.
安徽 芜湖市入库完毕!,共82条.
安徽 蚌埠市入库完毕!,共97条.
安徽 铜陵市入库完毕!,共35条.
安徽 长丰市入库完毕!,共29条.
安徽 阜阳市入库完毕!,共90条.
安徽 霍邱市入库完毕!,共22条.
安徽 马鞍山市入库完毕!,共31条.
安徽 黄山市入库完毕!,共51条.
山东 东营市入库完毕!,共36条.
山东 临朐市入库完毕!,共29条.
山东 临沂市入库完毕!,共116条.
山东 临清市入库完毕!,共11条.
山东 即墨市入库完毕!,共65条.
山东 商河市入库完毕!,共12条.
山东 威海市入库完毕!,共174条.
山东 安丘市入库完毕!,共21条.
山东 寿光市入库完毕!,共42条.
山东 平度市入库完毕!,共41条.
山东 平阴市入库完毕!,共10条.
山东 广饶市入库完毕!,共31条.
山东 德州市入库完毕!,共51条.
山东 招远市入库完毕!,共45条.
山东 新泰市入库完毕!,共85条.
山东 日照市入库完毕!,共14条.
山东 昌乐市入库完毕!,共19条.
山东 昌邑市入库完毕!,共18条.
山东 枣庄市入库完毕!,共116条.
山东 栖霞市入库完毕!,共31条.
山东 泰安市入库完毕!,共108条.
山东 济南市入库完毕!,共252条.
山东 济宁市入库完毕!,共122条.
山东 济阳市入库完毕!,共9条.
山东 海阳市入库完毕!,共50条.
山东 淄博市入库完毕!,共157条.
山东 滕州市入库完毕!,共25条.
山东 滨州市入库完毕!,共52条.
山东 潍坊市入库完毕!,共290条.
山东 烟台市入库完毕!,共266条.
山东 章丘市入库完毕!,共39条.
山东 聊城市入库完毕!,共102条.
山东 肥城市入库完毕!,共43条.
山东 胶南市入库完毕!,共11条.
山东 胶州市入库完毕!,共72条.
山东 莱州市入库完毕!,共45条.
山东 莱芜市入库完毕!,共8条.
山东 莱西市入库完毕!,共46条.
山东 莱阳市入库完毕!,共23条.
山东 菏泽市入库完毕!,共135条.
山东 蓬莱市入库完毕!,共44条.
山东 诸城市入库完毕!,共1条.
山东 邹城市入库完毕!,共60条.
山东 邹平市入库完毕!,共14条.
山东 长岛市入库完毕!,共4条.
山东 长清市入库完毕!,共11条.
山东 青岛市入库完毕!,共502条.
山东 青州市入库完毕!,共48条.
山东 高密市入库完毕!,共53条.
山东 龙口市入库完毕!,共51条.
山西 临汾市入库完毕!,共62条.
山西 临猗市入库完毕!,共27条.
山西 吕梁市入库完毕!,共28条.
山西 大同市入库完毕!,共30条.
山西 太原市入库完毕!,共290条.
山西 忻州市入库完毕!,共12条.
山西 怀仁市入库完毕!,共6条.
山西 晋中市入库完毕!,共29条.
山西 晋城市入库完毕!,共40条.
山西 朔州市入库完毕!,共11条.
山西 清徐市入库完毕!,共10条.
山西 运城市入库完毕!,共101条.
山西 长治市入库完毕!,共34条.
山西 阳曲市入库完毕!,共2条.
山西 阳泉市入库完毕!,共30条.
广东 东莞市入库完毕!,共134条.
广东 中山市入库完毕!,共28条.
广东 云浮市入库完毕!,共76条.
广东 佛山市入库完毕!,共285条.
广东 博罗市入库完毕!,共25条.
广东 台山市入库完毕!,共40条.
广东 广州市入库完毕!,共402条.
广东 开平市入库完毕!,共1条.
广东 恩平市入库完毕!,共24条.
广东 惠东市入库完毕!,共25条.
广东 惠州市入库完毕!,共220条.
广东 揭阳市入库完毕!,共10条.
广东 普宁市入库完毕!,共21条.
广东 梅州市入库完毕!,共105条.
广东 汕头市入库完毕!,共236条.
广东 汕尾市入库完毕!,共21条.
广东 江门市入库完毕!,共170条.
广东 河源市入库完毕!,共87条.
广东 深圳市入库完毕!,共442条.
广东 清远市入库完毕!,共57条.
广东 湛江市入库完毕!,共106条.
广东 潮州市入库完毕!,共7条.
广东 珠海市入库完毕!,共162条.
广东 罗定市入库失败!
广东 肇庆市入库完毕!,共183条.
广东 茂名市入库完毕!,共82条.
广东 阳春市入库完毕!,共23条.
广东 阳江市入库完毕!,共123条.
广东 韶关市入库完毕!,共34条.
广东 顺德市入库完毕!,共84条.
广东 鹤山市入库完毕!,共36条.
广东 龙门市入库完毕!,共7条.
广西 北海市入库完毕!,共158条.
广西 南宁市入库完毕!,共245条.
广西 宾阳市入库完毕!,共18条.
广西 崇左市入库完毕!,共73条.
广西 来宾市入库完毕!,共92条.
广西 柳州市入库完毕!,共84条.
广西 桂林市入库完毕!,共127条.
广西 梧州市入库完毕!,共27条.
广西 横县市入库完毕!,共20条.
广西 河池市入库完毕!,共43条.
广西 玉林市入库完毕!,共48条.
广西 百色市入库完毕!,共59条.
广西 贵港市入库完毕!,共74条.
广西 贺州市入库完毕!,共20条.
广西 邕宁市入库完毕!,共7条.
广西 钦州市入库完毕!,共83条.
广西 防城港市入库完毕!,共54条.
新疆 乌鲁木齐市入库完毕!,共117条.
新疆 五家渠市入库完毕!,共7条.
新疆 伊犁市入库完毕!,共82条.
新疆 克孜勒苏市入库完毕!,共7条.
新疆 克拉玛依市入库完毕!,共6条.
新疆 博尔塔拉市入库完毕!,共10条.
新疆 吐鲁番市入库完毕!,共7条.
新疆 和田市入库完毕!,共11条.
新疆 哈密市入库完毕!,共10条.
新疆 喀什市入库完毕!,共64条.
新疆 图木舒克市入库失败!
新疆 奎屯市入库完毕!,共7条.
新疆 巴州市入库完毕!,共138条.
新疆 库尔勒市入库完毕!,共7条.
新疆 石河子市入库完毕!,共8条.
新疆 阿克苏市入库完毕!,共33条.
江苏 东台市入库完毕!,共7条.
江苏 东海市入库失败!
江苏 丰县市入库完毕!,共42条.
江苏 仪征市入库完毕!,共30条.
江苏 兴化市入库完毕!,共26条.
江苏 南京市入库完毕!,共266条.
江苏 南通市入库完毕!,共22条.
江苏 句容市入库完毕!,共87条.
江苏 启东市入库完毕!,共43条.
江苏 吴江市入库失败!
江苏 太仓市入库完毕!,共33条.
江苏 如东市入库完毕!,共26条.
江苏 如皋市入库完毕!,共24条.
江苏 姜堰市入库完毕!,共22条.
江苏 宜兴市入库完毕!,共44条.
江苏 宝应市入库完毕!,共21条.
江苏 宿迁市入库完毕!,共140条.
江苏 常州市入库完毕!,共147条.
江苏 常熟市入库完毕!,共17条.
江苏 张家港市入库完毕!,共27条.
江苏 徐州市入库完毕!,共144条.
江苏 扬州市入库完毕!,共242条.
江苏 新沂市入库完毕!,共35条.
江苏 无锡市入库完毕!,共297条.
江苏 昆山市入库完毕!,共153条.
江苏 江都市入库完毕!,共19条.
江苏 江阴市入库完毕!,共107条.
江苏 沛县市入库完毕!,共32条.
江苏 沭阳市入库完毕!,共43条.
江苏 泉山市入库完毕!,共25条.
江苏 泰兴市入库完毕!,共75条.
江苏 泰州市入库完毕!,共52条.
江苏 海安市入库完毕!,共30条.
江苏 海门市入库完毕!,共73条.
江苏 淮安市入库完毕!,共163条.
江苏 溧阳市入库完毕!,共23条.
江苏 玉山市入库完毕!,共17条.
江苏 盐城市入库完毕!,共136条.
江苏 睢宁市入库完毕!,共40条.
江苏 苏州市入库完毕!,共380条.
江苏 连云港市入库完毕!,共89条.
江苏 邳州市入库完毕!,共24条.
江苏 金坛市入库完毕!,共15条.
江苏 金湖市入库完毕!,共7条.
江苏 铜山市入库完毕!,共17条.
江苏 镇江市入库完毕!,共131条.
江苏 阜宁市入库完毕!,共7条.
江苏 靖江市入库完毕!,共22条.
江苏 高淳市入库完毕!,共21条.
江苏 高邮市入库完毕!,共32条.
江西 上饶市入库完毕!,共33条.
江西 丰城市入库完毕!,共12条.
江西 九江市入库完毕!,共75条.
江西 南昌市入库完毕!,共250条.
江西 吉安市入库完毕!,共91条.
江西 宜春市入库完毕!,共61条.
江西 抚州市入库完毕!,共44条.
江西 新余市入库完毕!,共113条.
江西 新建市入库完毕!,共25条.
江西 景德镇市入库完毕!,共35条.
江西 萍乡市入库完毕!,共60条.
江西 赣州市入库完毕!,共37条.
江西 进贤市入库完毕!,共20条.
江西 靖安市入库完毕!,共8条.
江西 鹰潭市入库完毕!,共26条.
河北 三河市入库完毕!,共16条.
河北 乐亭市入库完毕!,共6条.
河北 任丘市入库完毕!,共6条.
河北 保定市入库完毕!,共64条.
河北 元氏市入库完毕!,共8条.
河北 冀州市入库完毕!,共6条.
河北 唐山市入库完毕!,共219条.
河北 定州市入库完毕!,共61条.
河北 平山市入库完毕!,共6条.
河北 廊坊市入库完毕!,共145条.
河北 张北市入库失败!
河北 张家口市入库完毕!,共113条.
河北 承德市入库完毕!,共106条.
河北 文安市入库完毕!,共5条.
河北 新乐市入库完毕!,共6条.
河北 无极市入库完毕!,共11条.
河北 昌黎市入库完毕!,共29条.
河北 晋州市入库完毕!,共1条.
河北 武安市入库完毕!,共9条.
河北 沧州市入库完毕!,共67条.
河北 深州市入库完毕!,共7条.
河北 滦南市入库完毕!,共9条.
河北 滦县市入库完毕!,共10条.
河北 玉田市入库完毕!,共15条.
河北 石家庄市入库完毕!,共363条.
河北 秦皇岛市入库完毕!,共169条.
河北 衡水市入库完毕!,共75条.
河北 赵县市入库完毕!,共2条.
河北 辛集市入库完毕!,共22条.
河北 迁安市入库完毕!,共23条.
河北 迁西市入库完毕!,共18条.
河北 遵化市入库完毕!,共8条.
河北 邢台市入库完毕!,共38条.
河北 邯郸市入库完毕!,共50条.
河北 霸州市入库完毕!,共19条.
河北 青龙市入库完毕!,共5条.
河北 高碑店市入库完毕!,共32条.
河南 三门峡市入库完毕!,共15条.
河南 中牟市入库完毕!,共96条.
河南 伊川市入库完毕!,共10条.
河南 信阳市入库完毕!,共79条.
河南 偃师市入库完毕!,共8条.
河南 兰考市入库完毕!,共8条.
河南 南阳市入库完毕!,共1条.
河南 周口市入库完毕!,共75条.
河南 商丘市入库完毕!,共237条.
河南 孟津市入库完毕!,共22条.
河南 安阳市入库完毕!,共66条.
河南 宜阳市入库完毕!,共61条.
河南 嵩县市入库完毕!,共7条.
河南 巩义市入库完毕!,共19条.
河南 平顶山市入库完毕!,共8条.
河南 开封市入库完毕!,共169条.
河南 新乡市入库完毕!,共80条.
河南 新安市入库完毕!,共15条.
河南 新密市入库完毕!,共29条.
河南 新郑市入库完毕!,共114条.
河南 栾川市入库完毕!,共9条.
河南 永城市入库完毕!,共29条.
河南 汝州市入库完毕!,共8条.
河南 汝阳市入库完毕!,共7条.
河南 洛宁市入库完毕!,共5条.
河南 洛阳市入库完毕!,共261条.
河南 济源市入库完毕!,共73条.
河南 漯河市入库完毕!,共102条.
河南 濮阳市入库完毕!,共7条.
河南 焦作市入库完毕!,共65条.
河南 登封市入库完毕!,共20条.
河南 禹州市入库完毕!,共35条.
河南 舞钢市入库完毕!,共8条.
河南 荥阳市入库完毕!,共41条.
河南 许昌市入库完毕!,共88条.
河南 邓州市入库完毕!,共21条.
河南 郑州市入库完毕!,共464条.
河南 鄢陵市入库完毕!,共15条.
河南 长葛市入库完毕!,共35条.
河南 驻马店市入库完毕!,共75条.
河南 鹤壁市入库完毕!,共108条.
浙江 上虞市入库完毕!,共39条.
浙江 临安市入库完毕!,共28条.
浙江 临海市入库完毕!,共30条.
浙江 丽水市入库完毕!,共46条.
浙江 余姚市入库完毕!,共67条.
浙江 台州市入库完毕!,共117条.
浙江 嘉兴市入库完毕!,共347条.
浙江 奉化市入库失败!
浙江 宁波市入库完毕!,共241条.
浙江 宁海市入库完毕!,共27条.
浙江 安吉市入库失败!
浙江 平湖市入库完毕!,共83条.
浙江 建德市入库完毕!,共29条.
浙江 德清市入库完毕!,共41条.
浙江 慈溪市入库完毕!,共47条.
浙江 杭州市入库完毕!,共401条.
浙江 桐乡市入库完毕!,共72条.
浙江 桐庐市入库完毕!,共18条.
浙江 海宁市入库完毕!,共55条.
浙江 海盐市入库完毕!,共19条.
浙江 淳安市入库完毕!,共31条.
浙江 温岭市入库完毕!,共46条.
浙江 温州市入库完毕!,共222条.
浙江 湖州市入库完毕!,共11条.
浙江 玉环市入库完毕!,共23条.
浙江 瑞安市入库失败!
浙江 绍兴市入库完毕!,共81条.
浙江 舟山市入库完毕!,共73条.
浙江 衢州市入库完毕!,共56条.
浙江 诸暨市入库完毕!,共56条.
浙江 象山市入库完毕!,共38条.
浙江 金华市入库完毕!,共78条.
浙江 镇海市入库完毕!,共18条.
浙江 长兴市入库完毕!,共14条.
海南 万宁市入库完毕!,共25条.
海南 三亚市入库完毕!,共161条.
海南 东方市入库完毕!,共21条.
海南 儋州市入库完毕!,共37条.
海南 海南市入库完毕!,共491条.
湖北 京山市入库完毕!,共7条.
湖北 仙桃市入库完毕!,共72条.
湖北 十堰市入库完毕!,共49条.
湖北 咸宁市入库完毕!,共82条.
湖北 天门市入库完毕!,共45条.
湖北 孝感市入库完毕!,共138条.
湖北 宜城市入库完毕!,共4条.
湖北 宜昌市入库完毕!,共149条.
湖北 宜都市入库完毕!,共39条.
湖北 当阳市入库完毕!,共11条.
湖北 恩施市入库完毕!,共28条.
湖北 枝江市入库完毕!,共10条.
湖北 枣阳市入库完毕!,共4条.
湖北 武汉市入库完毕!,共591条.
湖北 汉南市入库完毕!,共13条.
湖北 潜江市入库完毕!,共36条.
湖北 神农架市入库完毕!,共7条.
湖北 老河口市入库完毕!,共8条.
湖北 荆州市入库完毕!,共71条.
湖北 荆门市入库完毕!,共46条.
湖北 襄阳市入库完毕!,共47条.
湖北 鄂州市入库完毕!,共69条.
湖北 钟祥市入库完毕!,共7条.
湖北 随州市入库完毕!,共44条.
湖北 黄冈市入库完毕!,共40条.
湖北 黄石市入库完毕!,共35条.
湖南 娄底市入库完毕!,共91条.
湖南 宁乡市入库完毕!,共70条.
湖南 岳阳市入库完毕!,共62条.
湖南 常宁市入库完毕!,共9条.
湖南 常德市入库完毕!,共104条.
湖南 张家界市入库完毕!,共19条.
湖南 怀化市入库完毕!,共48条.
湖南 攸县市入库完毕!,共8条.
湖南 望城市入库完毕!,共9条.
湖南 株洲市入库完毕!,共88条.
湖南 永州市入库完毕!,共208条.
湖南 浏阳市入库完毕!,共29条.
湖南 湘乡市入库完毕!,共8条.
湖南 湘潭市入库完毕!,共52条.
湖南 湘西市入库完毕!,共42条.
湖南 益阳市入库完毕!,共92条.
湖南 耒阳市入库完毕!,共7条.
湖南 衡阳市入库完毕!,共158条.
湖南 邵阳市入库完毕!,共154条.
湖南 郴州市入库完毕!,共103条.
湖南 醴陵市入库完毕!,共7条.
湖南 长沙市入库完毕!,共624条.
湖南 韶山市入库失败!
甘肃 临夏市入库完毕!,共12条.
甘肃 兰州市入库完毕!,共56条.
甘肃 嘉峪关市入库完毕!,共9条.
甘肃 天水市入库完毕!,共64条.
甘肃 定西市入库完毕!,共48条.
甘肃 平凉市入库完毕!,共30条.
甘肃 庆阳市入库完毕!,共37条.
甘肃 张掖市入库完毕!,共32条.
甘肃 榆中市入库完毕!,共28条.
甘肃 武威市入库完毕!,共32条.
甘肃 永登市入库完毕!,共37条.
甘肃 甘南市入库完毕!,共7条.
甘肃 白银市入库完毕!,共26条.
甘肃 酒泉市入库完毕!,共28条.
甘肃 金昌市入库完毕!,共8条.
甘肃 陇南市入库完毕!,共16条.
福建 三明市入库完毕!,共49条.
福建 南安市入库完毕!,共46条.
福建 南平市入库完毕!,共110条.
福建 厦门市入库完毕!,共158条.
福建 宁德市入库完毕!,共75条.
福建 安溪市入库完毕!,共54条.
福建 平潭市入库完毕!,共19条.
福建 德化市入库完毕!,共4条.
福建 惠安市入库完毕!,共36条.
福建 永安市入库完毕!,共7条.
福建 永春市入库完毕!,共15条.
福建 永泰市入库完毕!,共8条.
福建 泉州市入库完毕!,共172条.
福建 泉港市入库完毕!,共7条.
福建 漳州市入库完毕!,共226条.
福建 石狮市入库完毕!,共22条.
福建 福安市入库完毕!,共11条.
福建 福州市入库完毕!,共216条.
福建 福清市入库完毕!,共30条.
福建 罗源市入库完毕!,共7条.
福建 莆田市入库完毕!,共105条.
福建 连江市入库完毕!,共31条.
福建 长乐市入库完毕!,共16条.
福建 闽清市入库完毕!,共7条.
福建 龙岩市入库完毕!,共61条.
福建 龙海市入库完毕!,共54条.
贵州 修文市入库完毕!,共5条.
贵州 六盘水市入库完毕!,共43条.
贵州 安顺市入库完毕!,共24条.
贵州 开阳市入库完毕!,共6条.
贵州 毕节市入库完毕!,共60条.
贵州 清镇市入库完毕!,共8条.
贵州 贵阳市入库完毕!,共147条.
贵州 遵义市入库完毕!,共74条.
贵州 铜仁市入库完毕!,共44条.
贵州 黔东南市入库完毕!,共51条.
贵州 黔南市入库完毕!,共56条.
贵州 黔西南市入库完毕!,共60条.
辽宁 东港市入库完毕!,共8条.
辽宁 丹东市入库完毕!,共70条.
辽宁 凤城市入库失败!
辽宁 台安市入库完毕!,共3条.
辽宁 大连市入库完毕!,共208条.
辽宁 庄河市入库完毕!,共10条.
辽宁 康平市入库完毕!,共6条.
辽宁 抚顺市入库完毕!,共68条.
辽宁 新民市入库完毕!,共17条.
辽宁 普兰店市入库完毕!,共13条.
辽宁 朝阳市入库完毕!,共197条.
辽宁 本溪市入库完毕!,共88条.
辽宁 沈阳市入库完毕!,共450条.
辽宁 法库市入库完毕!,共4条.
辽宁 海城市入库完毕!,共10条.
辽宁 瓦房店市入库完毕!,共14条.
辽宁 盘锦市入库完毕!,共25条.
辽宁 营口市入库完毕!,共186条.
辽宁 葫芦岛市入库完毕!,共146条.
辽宁 辽中市入库完毕!,共7条.
辽宁 辽阳市入库完毕!,共95条.
辽宁 铁岭市入库完毕!,共80条.
辽宁 锦州市入库完毕!,共85条.
辽宁 阜新市入库完毕!,共34条.
辽宁 鞍山市入库完毕!,共112条.
重庆市 丰都市入库完毕!,共7条.
重庆市 云阳市入库失败!
重庆市 垫江市入库失败!
重庆市 大足市入库完毕!,共62条.
重庆市 奉节市入库失败!
重庆市 巫山市入库完毕!,共1条.
重庆市 开县市入库失败!
重庆市 忠县市入库失败!
重庆市 梁平市入库失败!
重庆市 武隆市入库失败!
重庆市 永川市入库完毕!,共16条.
重庆市 江津市入库完毕!,共74条.
重庆市 潼南市入库完毕!,共29条.
重庆市 璧山市入库完毕!,共27条.
重庆市 石柱市入库失败!
重庆市 荣昌市入库失败!
重庆市 重庆市入库完毕!,共551条.
重庆市 铜梁市入库完毕!,共49条.
重庆市 长寿市入库完毕!,共30条.
陕西 周至市入库完毕!,共8条.
陕西 咸阳市入库完毕!,共166条.
陕西 商洛市入库完毕!,共47条.
陕西 安康市入库完毕!,共30条.
陕西 宝鸡市入库完毕!,共41条.
陕西 延安市入库完毕!,共27条.
陕西 户县市入库完毕!,共6条.
陕西 榆林市入库完毕!,共25条.
陕西 汉中市入库完毕!,共74条.
陕西 渭南市入库完毕!,共93条.
陕西 蓝田市入库完毕!,共35条.
陕西 西安市入库完毕!,共646条.
陕西 铜川市入库完毕!,共44条.
陕西 高陵市入库完毕!,共7条.
青海 果洛市入库完毕!,共5条.
青海 海东市入库完毕!,共10条.
青海 海北市入库完毕!,共4条.
青海 海西市入库完毕!,共8条.
青海 玉树市入库完毕!,共5条.
青海 西宁市入库完毕!,共33条.
青海 黄南市入库完毕!,共5条.
黑龙江 七台河市入库完毕!,共11条.
黑龙江 五常市入库完毕!,共6条.
黑龙江 伊春市入库完毕!,共15条.
黑龙江 佳木斯市入库完毕!,共46条.
黑龙江 依兰市入库完毕!,共6条.
黑龙江 双鸭山市入库完毕!,共15条.
黑龙江 哈尔滨市入库完毕!,共208条.
黑龙江 大兴安岭市入库完毕!,共2条.
黑龙江 大庆市入库完毕!,共63条.
黑龙江 安达市入库完毕!,共21条.
黑龙江 宾县市入库完毕!,共6条.
黑龙江 尚志市入库完毕!,共4条.
黑龙江 巴彦市入库完毕!,共7条.
黑龙江 海林市入库完毕!,共7条.
黑龙江 牡丹江市入库完毕!,共61条.
黑龙江 绥化市入库完毕!,共95条.
黑龙江 肇东市入库完毕!,共14条.
黑龙江 肇州市入库完毕!,共6条.
黑龙江 肇源市入库完毕!,共7条.
黑龙江 鸡西市入库完毕!,共56条.
黑龙江 鹤岗市入库完毕!,共4条.
黑龙江 黑河市入库完毕!,共24条.
黑龙江 齐齐哈尔市入库完毕!,共22条.
